<?xml version="1.0" encoding="UTF-8" ?>
<testsuite tests="11" failures="0" name="step_definitions.RunCukesTest" time="5.529" errors="0" skipped="0">
  <properties>
[...]
</properties>
  <testcase classname="Scenario: Checkout product" name="Given User open website sauce demo" time="0.004"/>
  <testcase classname="Scenario: Checkout product" name="When User input &quot;standard_user&quot; as userName and input &quot;secret_sauce&quot; as password" time="0"/>
  <testcase classname="Scenario: Checkout product" name="Then User already on landing page" time="0"/>
  <testcase classname="Scenario: Checkout product" name="And User select &quot;Price (low to high)&quot; to Sorting Product" time="0"/>
  <testcase classname="Scenario: Checkout product" name="And User checkout &quot;Sauce Labs Onesie,Test.allTheThings() T-Shirt (Red)&quot; as products to cart" time="0.001"/>
  <testcase classname="Scenario: Checkout product" name="And User verify that &quot;Sauce Labs Onesie,Test.allTheThings() T-Shirt (Red)&quot; as products in a list" time="0"/>
  <testcase classname="Scenario: Checkout product" name="And User remove &quot;Test.allTheThings() T-Shirt (Red)&quot; as products in a list" time="0"/>
  <testcase classname="Scenario: Checkout product" name="And User click checkout" time="0"/>
  <testcase classname="Scenario: Checkout product" name="And User input &quot;febrian&quot; as firstname, input &quot;syahrir&quot; as lastname, and input &quot;1234&quot; as postcode" time="0.001"/>
  <testcase classname="Scenario: Checkout product" name="Then User want to finish CheckOut as products in cart" time="0"/>
  <testcase classname="Scenario: Checkout product" name="Scenario: Checkout product" time="5.523"/>
</testsuite>